<?xml version="1.0" encoding="UTF-8"?>
<!-- Generated by org.testng.reporters.JUnitReportReporter -->
<testsuite hostname="LAPTOP-EPL97G2G" failures="0" tests="1" name="A.NaukriUpdate" time="42.493" errors="0" timestamp="2023-02-20T22:14:01 IST" skipped="0">
  <testcase classname="A.NaukriUpdate" name="f" time="42.493"/>
  <system-out/>
</testsuite> <!-- A.NaukriUpdate -->
